#
# There is insufficient memory for the Java Runtime Environment to continue.
# Native memory allocation (malloc) failed to allocate 320176 bytes for Chunk::new
# Possible reasons:
#   The system is out of physical RAM or swap space
#   In 32 bit mode, the process size limit was hit
# Possible solutions:
#   Reduce memory load on the system
#   Increase physical memory or swap space
#   Check if swap backing store is full
#   Use 64 bit Java on a 64 bit OS
#   Decrease Java heap size (-Xmx/-Xms)
#   Decrease number of Java threads
#   Decrease Java thread stack sizes (-Xss)
#   Set larger code cache with -XX:ReservedCodeCacheSize=
# This output file may be truncated or incomplete.
#
#  Out of Memory Error (allocation.cpp:390), pid=5388, tid=9248
#
# JRE version: Java(TM) SE Runtime Environment (8.0_25-b18) (build 1.8.0_25-b18)
# Java VM: Java HotSpot(TM) 64-Bit Server VM (25.25-b02 mixed mode windows-amd64 compressed oops)
# Failed to write core dump. Minidumps are not enabled by default on client versions of Windows
#

---------------  T H R E A D  ---------------

Current thread (0x000000000828a000):  JavaThread "C2 CompilerThread0" daemon [_thread_in_native, id=9248, stack(0x0000000009b20000,0x0000000009c20000)]

Stack: [0x0000000009b20000,0x0000000009c20000]
Native frames: (J=compiled Java code, j=interpreted, Vv=VM code, C=native code)
V  [jvm.dll+0x31667a]
V  [jvm.dll+0x267073]
V  [jvm.dll+0x267cb3]
V  [jvm.dll+0x25f5b5]
V  [jvm.dll+0xbf165]
V  [jvm.dll+0xbf60c]
V  [jvm.dll+0x45d672]
V  [jvm.dll+0x49e8ef]
V  [jvm.dll+0x452b41]
V  [jvm.dll+0x453864]
V  [jvm.dll+0x437372]
V  [jvm.dll+0x98a02]
V  [jvm.dll+0x991f3]
V  [jvm.dll+0x22bde4]
V  [jvm.dll+0x2852fa]
C  [msvcr100.dll+0x21d9f]
C  [msvcr100.dll+0x21e3b]
C  [kernel32.dll+0x159cd]
C  [ntdll.dll+0x5383d]


Current CompileTask:
C2: 993479 6051 % !   4       java.io.BufferedReader::readLine @ 131 (304 bytes)


---------------  P R O C E S S  ---------------

Java Threads: ( => current thread )
  0x0000000009ed0000 JavaThread "Thread-4" [_thread_in_native, id=4212, stack(0x0000000020550000,0x0000000020650000)]
  0x0000000009ecf800 JavaThread "Thread-3" [_thread_in_native, id=9556, stack(0x0000000020270000,0x0000000020370000)]
  0x0000000009ece800 JavaThread "Thread-2" [_thread_blocked, id=4656, stack(0x0000000020090000,0x0000000020190000)]
  0x000000000dd3d000 JavaThread "ThreadedStreamConsumer" daemon [_thread_blocked, id=3896, stack(0x000000000e6e0000,0x000000000e7e0000)]
  0x000000000e0a9000 JavaThread "ping-timer-10s" daemon [_thread_blocked, id=5428, stack(0x000000000cd90000,0x000000000ce90000)]
  0x000000000dba0000 JavaThread "timeout-check-timer" daemon [_thread_blocked, id=2040, stack(0x000000000e930000,0x000000000ea30000)]
  0x000000000b994800 JavaThread "resolver-5" daemon [_thread_blocked, id=9468, stack(0x000000000ea50000,0x000000000eb50000)]
  0x000000000a8d3800 JavaThread "resolver-4" daemon [_thread_blocked, id=9720, stack(0x000000000e7e0000,0x000000000e8e0000)]
  0x000000000bae3800 JavaThread "resolver-3" daemon [_thread_blocked, id=6728, stack(0x000000000e5a0000,0x000000000e6a0000)]
  0x000000000ae77800 JavaThread "resolver-2" daemon [_thread_blocked, id=10148, stack(0x000000000c1a0000,0x000000000c2a0000)]
  0x000000000b7c0000 JavaThread "resolver-1" daemon [_thread_blocked, id=8868, stack(0x000000000c9c0000,0x000000000cac0000)]
  0x0000000009e3e800 JavaThread "Service Thread" daemon [_thread_blocked, id=7532, stack(0x000000000a380000,0x000000000a480000)]
  0x000000000828e800 JavaThread "C1 CompilerThread2" daemon [_thread_blocked, id=7424, stack(0x0000000009830000,0x0000000009930000)]
  0x000000000828c000 JavaThread "C2 CompilerThread1" daemon [_thread_in_native, id=8208, stack(0x0000000009d10000,0x0000000009e10000)]
=>0x000000000828a000 JavaThread "C2 CompilerThread0" daemon [_thread_in_native, id=9248, stack(0x0000000009b20000,0x0000000009c20000)]
  0x0000000008283800 JavaThread "Attach Listener" daemon [_thread_blocked, id=2656, stack(0x0000000009930000,0x0000000009a30000)]
  0x0000000008280000 JavaThread "Signal Dispatcher" daemon [_thread_blocked, id=5332, stack(0x0000000009650000,0x0000000009750000)]
  0x0000000008224000 JavaThread "Finalizer" daemon [_thread_blocked, id=8120, stack(0x0000000009200000,0x0000000009300000)]
  0x000000000821b000 JavaThread "Reference Handler" daemon [_thread_blocked, id=672, stack(0x00000000094f0000,0x00000000095f0000)]
  0x000000000013f000 JavaThread "main" [_thread_in_native, id=4908, stack(0x0000000002180000,0x0000000002280000)]

Other Threads:
  0x0000000008215800 VMThread [stack: 0x0000000009360000,0x0000000009460000] [id=8372]
  0x0000000009e42000 WatcherThread [stack: 0x000000000a4c0000,0x000000000a5c0000] [id=7216]

VM state:not at safepoint (normal execution)

VM Mutex/Monitor currently owned by a thread: None

Heap:
 PSYoungGen      total 42496K, used 16708K [0x00000000d6100000, 0x00000000d9500000, 0x0000000100000000)
  eden space 31744K, 50% used [0x00000000d6100000,0x00000000d70b5120,0x00000000d8000000)
  from space 10752K, 5% used [0x00000000d8a80000,0x00000000d8b1c010,0x00000000d9500000)
  to   space 10752K, 0% used [0x00000000d8000000,0x00000000d8000000,0x00000000d8a80000)
 ParOldGen       total 56832K, used 35013K [0x0000000082200000, 0x0000000085980000, 0x00000000d6100000)
  object space 56832K, 61% used [0x0000000082200000,0x0000000084431630,0x0000000085980000)
 Metaspace       used 29453K, capacity 30120K, committed 30336K, reserved 1075200K
  class space    used 3376K, capacity 3593K, committed 3712K, reserved 1048576K

Card table byte_map: [0x0000000002910000,0x0000000002d00000] byte_map_base: 0x00000000024ff000

Marking Bits: (ParMarkBitMap*) 0x0000000056ccd490
 Begin Bits: [0x00000000035b0000, 0x0000000005528000)
 End Bits:   [0x0000000005528000, 0x00000000074a0000)

Polling page: 0x0000000000120000

CodeCache: size=245760Kb used=17738Kb max_used=17868Kb free=228021Kb
 bounds [0x000000000f010000, 0x00000000101a0000, 0x000000001e010000]
 total_blobs=5661 nmethods=5222 adapters=353
 compilation: enabled

Compilation events (10 events):
Event: 991.663 Thread 0x000000000828e800 nmethod 6046 0x000000000f1c9010 code [0x000000000f1c9380, 0x000000000f1cb148]
Event: 992.301 Thread 0x000000000828e800 6047       3       java.util.concurrent.ThreadPoolExecutor$Worker::tryAcquire (20 bytes)
Event: 992.302 Thread 0x000000000828e800 nmethod 6047 0x000000000f2a2050 code [0x000000000f2a21c0, 0x000000000f2a2570]
Event: 992.401 Thread 0x000000000828e800 6048       3       java.util.concurrent.ThreadPoolExecutor::runStateAtLeast (11 bytes)
Event: 992.401 Thread 0x000000000828e800 nmethod 6048 0x000000000f1989d0 code [0x000000000f198b20, 0x000000000f198cb0]
Event: 992.514 Thread 0x000000000828e800 6049       3       java.util.concurrent.locks.AbstractQueuedSynchronizer::isOnSyncQueue (33 bytes)
Event: 992.515 Thread 0x000000000828e800 nmethod 6049 0x000000000f174a10 code [0x000000000f174b80, 0x000000000f174f10]
Event: 992.936 Thread 0x000000000828e800 6050       3       java.util.concurrent.locks.AbstractQueuedSynchronizer::compareAndSetWaitStatus (13 bytes)
Event: 992.937 Thread 0x000000000828e800 nmethod 6050 0x000000000f38ee10 code [0x000000000f38ef60, 0x000000000f38f0b0]
Event: 992.961 Thread 0x000000000828a000 6051 % !   4       java.io.BufferedReader::readLine @ 131 (304 bytes)

GC Heap History (10 events):
Event: 952.855 GC heap before
{Heap before GC invocations=21 (full 1):
 PSYoungGen      total 27136K, used 26688K [0x00000000d6100000, 0x00000000d9080000, 0x0000000100000000)
  eden space 25088K, 100% used [0x00000000d6100000,0x00000000d7980000,0x00000000d7980000)
  from space 2048K, 78% used [0x00000000d7a00000,0x00000000d7b90000,0x00000000d7c00000)
  to   space 11776K, 0% used [0x00000000d8500000,0x00000000d8500000,0x00000000d9080000)
 ParOldGen       total 56832K, used 22253K [0x0000000082200000, 0x0000000085980000, 0x00000000d6100000)
  object space 56832K, 39% used [0x0000000082200000,0x00000000837bb618,0x0000000085980000)
 Metaspace       used 22663K, capacity 23262K, committed 23552K, reserved 1071104K
  class space    used 2557K, capacity 2741K, committed 2816K, reserved 1048576K
Event: 952.868 GC heap after
Heap after GC invocations=21 (full 1):
 PSYoungGen      total 34816K, used 1992K [0x00000000d6100000, 0x00000000d8f00000, 0x0000000100000000)
  eden space 24576K, 0% used [0x00000000d6100000,0x00000000d6100000,0x00000000d7900000)
  from space 10240K, 19% used [0x00000000d8500000,0x00000000d86f2128,0x00000000d8f00000)
  to   space 11264K, 0% used [0x00000000d7900000,0x00000000d7900000,0x00000000d8400000)
 ParOldGen       total 56832K, used 23253K [0x0000000082200000, 0x0000000085980000, 0x00000000d6100000)
  object space 56832K, 40% used [0x0000000082200000,0x00000000838b5618,0x0000000085980000)
 Metaspace       used 22663K, capacity 23262K, committed 23552K, reserved 1071104K
  class space    used 2557K, capacity 2741K, committed 2816K, reserved 1048576K
}
Event: 963.427 GC heap before
{Heap before GC invocations=22 (full 1):
 PSYoungGen      total 34816K, used 26568K [0x00000000d6100000, 0x00000000d8f00000, 0x0000000100000000)
  eden space 24576K, 100% used [0x00000000d6100000,0x00000000d7900000,0x00000000d7900000)
  from space 10240K, 19% used [0x00000000d8500000,0x00000000d86f2128,0x00000000d8f00000)
  to   space 11264K, 0% used [0x00000000d7900000,0x00000000d7900000,0x00000000d8400000)
 ParOldGen       total 56832K, used 23253K [0x0000000082200000, 0x0000000085980000, 0x00000000d6100000)
  object space 56832K, 40% used [0x0000000082200000,0x00000000838b5618,0x0000000085980000)
 Metaspace       used 26682K, capacity 27338K, committed 27648K, reserved 1073152K
  class space    used 3092K, capacity 3269K, committed 3328K, reserved 1048576K
Event: 963.453 GC heap after
Heap after GC invocations=22 (full 1):
 PSYoungGen      total 27136K, used 2827K [0x00000000d6100000, 0x00000000d8c80000, 0x0000000100000000)
  eden space 24064K, 0% used [0x00000000d6100000,0x00000000d6100000,0x00000000d7880000)
  from space 3072K, 92% used [0x00000000d7900000,0x00000000d7bc2f20,0x00000000d7c00000)
  to   space 10240K, 0% used [0x00000000d8280000,0x00000000d8280000,0x00000000d8c80000)
 ParOldGen       total 56832K, used 24493K [0x0000000082200000, 0x0000000085980000, 0x00000000d6100000)
  object space 56832K, 43% used [0x0000000082200000,0x00000000839eb618,0x0000000085980000)
 Metaspace       used 26682K, capacity 27338K, committed 27648K, reserved 1073152K
  class space    used 3092K, capacity 3269K, committed 3328K, reserved 1048576K
}
Event: 968.163 GC heap before
{Heap before GC invocations=23 (full 1):
 PSYoungGen      total 27136K, used 26890K [0x00000000d6100000, 0x00000000d8c80000, 0x0000000100000000)
  eden space 24064K, 99% used [0x00000000d6100000,0x00000000d787fa90,0x00000000d7880000)
  from space 3072K, 92% used [0x00000000d7900000,0x00000000d7bc2f20,0x00000000d7c00000)
  to   space 10240K, 0% used [0x00000000d8280000,0x00000000d8280000,0x00000000d8c80000)
 ParOldGen       total 56832K, used 24493K [0x0000000082200000, 0x0000000085980000, 0x00000000d6100000)
  object space 56832K, 43% used [0x0000000082200000,0x00000000839eb618,0x0000000085980000)
 Metaspace       used 27788K, capacity 28368K, committed 28544K, reserved 1075200K
  class space    used 3213K, capacity 3398K, committed 3456K, reserved 1048576K
Event: 968.919 GC heap after
Heap after GC invocations=23 (full 1):
 PSYoungGen      total 32768K, used 8332K [0x00000000d6100000, 0x00000000d9900000, 0x0000000100000000)
  eden space 22528K, 0% used [0x00000000d6100000,0x00000000d6100000,0x00000000d7700000)
  from space 10240K, 81% used [0x00000000d8280000,0x00000000d8aa3008,0x00000000d8c80000)
  to   space 11776K, 0% used [0x00000000d7700000,0x00000000d7700000,0x00000000d8280000)
 ParOldGen       total 56832K, used 25786K [0x0000000082200000, 0x0000000085980000, 0x00000000d6100000)
  object space 56832K, 45% used [0x0000000082200000,0x0000000083b2e940,0x0000000085980000)
 Metaspace       used 27788K, capacity 28368K, committed 28544K, reserved 1075200K
  class space    used 3213K, capacity 3398K, committed 3456K, reserved 1048576K
}
Event: 979.035 GC heap before
{Heap before GC invocations=24 (full 1):
 PSYoungGen      total 32768K, used 30860K [0x00000000d6100000, 0x00000000d9900000, 0x0000000100000000)
  eden space 22528K, 100% used [0x00000000d6100000,0x00000000d7700000,0x00000000d7700000)
  from space 10240K, 81% used [0x00000000d8280000,0x00000000d8aa3008,0x00000000d8c80000)
  to   space 11776K, 0% used [0x00000000d7700000,0x00000000d7700000,0x00000000d8280000)
 ParOldGen       total 56832K, used 25786K [0x0000000082200000, 0x0000000085980000, 0x00000000d6100000)
  object space 56832K, 45% used [0x0000000082200000,0x0000000083b2e940,0x0000000085980000)
 Metaspace       used 28587K, capacity 29314K, committed 29440K, reserved 1075200K
  class space    used 3271K, capacity 3496K, committed 3584K, reserved 1048576K
Event: 979.060 GC heap after
Heap after GC invocations=24 (full 1):
 PSYoungGen      total 34304K, used 3392K [0x00000000d6100000, 0x00000000d9500000, 0x0000000100000000)
  eden space 22528K, 0% used [0x00000000d6100000,0x00000000d6100000,0x00000000d7700000)
  from space 11776K, 28% used [0x00000000d7700000,0x00000000d7a501f8,0x00000000d8280000)
  to   space 10752K, 0% used [0x00000000d8a80000,0x00000000d8a80000,0x00000000d9500000)
 ParOldGen       total 56832K, used 32827K [0x0000000082200000, 0x0000000085980000, 0x00000000d6100000)
  object space 56832K, 57% used [0x0000000082200000,0x000000008420ed98,0x0000000085980000)
 Metaspace       used 28587K, capacity 29314K, committed 29440K, reserved 1075200K
  class space    used 3271K, capacity 3496K, committed 3584K, reserved 1048576K
}
Event: 980.182 GC heap before
{Heap before GC invocations=25 (full 1):
 PSYoungGen      total 34304K, used 25920K [0x00000000d6100000, 0x00000000d9500000, 0x0000000100000000)
  eden space 22528K, 100% used [0x00000000d6100000,0x00000000d7700000,0x00000000d7700000)
  from space 11776K, 28% used [0x00000000d7700000,0x00000000d7a501f8,0x00000000d8280000)
  to   space 10752K, 0% used [0x00000000d8a80000,0x00000000d8a80000,0x00000000d9500000)
 ParOldGen       total 56832K, used 32827K [0x0000000082200000, 0x0000000085980000, 0x00000000d6100000)
  object space 56832K, 57% used [0x0000000082200000,0x000000008420ed98,0x0000000085980000)
 Metaspace       used 28786K, capacity 29512K, committed 29696K, reserved 1075200K
  class space    used 3299K, capacity 3497K, committed 3584K, reserved 1048576K
Event: 980.218 GC heap after
Heap after GC invocations=25 (full 1):
 PSYoungGen      total 42496K, used 624K [0x00000000d6100000, 0x00000000d9500000, 0x0000000100000000)
  eden space 31744K, 0% used [0x00000000d6100000,0x00000000d6100000,0x00000000d8000000)
  from space 10752K, 5% used [0x00000000d8a80000,0x00000000d8b1c010,0x00000000d9500000)
  to   space 10752K, 0% used [0x00000000d8000000,0x00000000d8000000,0x00000000d8a80000)
 ParOldGen       total 56832K, used 35013K [0x0000000082200000, 0x0000000085980000, 0x00000000d6100000)
  object space 56832K, 61% used [0x0000000082200000,0x0000000084431630,0x0000000085980000)
 Metaspace       used 28786K, capacity 29512K, committed 29696K, reserved 1075200K
  class space    used 3299K, capacity 3497K, committed 3584K, reserved 1048576K
}

Deoptimization events (10 events):
Event: 982.311 Thread 0x000000000013f000 Uncommon trap: reason=class_check action=maybe_recompile pc=0x000000000f94c740 method=java.util.Collections$UnmodifiableMap$UnmodifiableEntrySet$UnmodifiableEntry.getValue()Ljava/lang/Object; @ 4
Event: 982.311 Thread 0x000000000013f000 Uncommon trap: reason=class_check action=maybe_recompile pc=0x000000000f91a70c method=java.util.Collections$UnmodifiableMap$UnmodifiableEntrySet$1.hasNext()Z @ 4
Event: 982.311 Thread 0x000000000013f000 Uncommon trap: reason=class_check action=maybe_recompile pc=0x000000000f93358c method=java.util.Collections$UnmodifiableMap$UnmodifiableEntrySet$1.next()Ljava/util/Map$Entry; @ 8
Event: 982.311 Thread 0x000000000013f000 Uncommon trap: reason=class_check action=maybe_recompile pc=0x000000000f919c40 method=java.util.Collections$UnmodifiableMap$UnmodifiableEntrySet$UnmodifiableEntry.getKey()Ljava/lang/Object; @ 4
Event: 982.311 Thread 0x000000000013f000 Uncommon trap: reason=class_check action=maybe_recompile pc=0x000000000f94c740 method=java.util.Collections$UnmodifiableMap$UnmodifiableEntrySet$UnmodifiableEntry.getValue()Ljava/lang/Object; @ 4
Event: 982.311 Thread 0x000000000013f000 Uncommon trap: reason=class_check action=maybe_recompile pc=0x000000000f91a70c method=java.util.Collections$UnmodifiableMap$UnmodifiableEntrySet$1.hasNext()Z @ 4
Event: 982.311 Thread 0x000000000013f000 Uncommon trap: reason=class_check action=maybe_recompile pc=0x000000000f93358c method=java.util.Collections$UnmodifiableMap$UnmodifiableEntrySet$1.next()Ljava/util/Map$Entry; @ 8
Event: 982.311 Thread 0x000000000013f000 Uncommon trap: reason=class_check action=maybe_recompile pc=0x000000000f919c40 method=java.util.Collections$UnmodifiableMap$UnmodifiableEntrySet$UnmodifiableEntry.getKey()Ljava/lang/Object; @ 4
Event: 982.311 Thread 0x000000000013f000 Uncommon trap: reason=class_check action=maybe_recompile pc=0x000000000f94c740 method=java.util.Collections$UnmodifiableMap$UnmodifiableEntrySet$UnmodifiableEntry.getValue()Ljava/lang/Object; @ 4
Event: 988.925 Thread 0x0000000009ecf800 Uncommon trap: reason=unreached action=reinterpret pc=0x000000000ff44628 method=java.io.BufferedReader.readLine(Z)Ljava/lang/String; @ 265

Internal exceptions (10 events):
Event: 989.507 Thread 0x000000000dd3d000 Exception <a 'java/security/PrivilegedActionException'> (0x00000000d7017330) thrown at [D:\re\workspace\8-2-build-windows-amd64-cygwin\jdk8u25\1677\hotspot\src\share\vm\prims\jvm.cpp, line 1312]
Event: 989.508 Thread 0x000000000dd3d000 Exception <a 'java/security/PrivilegedActionException'> (0x00000000d701d668) thrown at [D:\re\workspace\8-2-build-windows-amd64-cygwin\jdk8u25\1677\hotspot\src\share\vm\prims\jvm.cpp, line 1312]
Event: 989.509 Thread 0x000000000dd3d000 Exception <a 'java/security/PrivilegedActionException'> (0x00000000d7025090) thrown at [D:\re\workspace\8-2-build-windows-amd64-cygwin\jdk8u25\1677\hotspot\src\share\vm\prims\jvm.cpp, line 1312]
Event: 989.512 Thread 0x000000000dd3d000 Exception <a 'java/security/PrivilegedActionException'> (0x00000000d7028c88) thrown at [D:\re\workspace\8-2-build-windows-amd64-cygwin\jdk8u25\1677\hotspot\src\share\vm\prims\jvm.cpp, line 1312]
Event: 989.513 Thread 0x000000000dd3d000 Exception <a 'java/security/PrivilegedActionException'> (0x00000000d702e0a8) thrown at [D:\re\workspace\8-2-build-windows-amd64-cygwin\jdk8u25\1677\hotspot\src\share\vm\prims\jvm.cpp, line 1312]
Event: 989.514 Thread 0x000000000dd3d000 Exception <a 'java/security/PrivilegedActionException'> (0x00000000d70320e0) thrown at [D:\re\workspace\8-2-build-windows-amd64-cygwin\jdk8u25\1677\hotspot\src\share\vm\prims\jvm.cpp, line 1312]
Event: 989.611 Thread 0x000000000dd3d000 Exception <a 'java/security/PrivilegedActionException'> (0x00000000d7033748) thrown at [D:\re\workspace\8-2-build-windows-amd64-cygwin\jdk8u25\1677\hotspot\src\share\vm\prims\jvm.cpp, line 1312]
Event: 989.612 Thread 0x000000000dd3d000 Exception <a 'java/security/PrivilegedActionException'> (0x00000000d7033cb8) thrown at [D:\re\workspace\8-2-build-windows-amd64-cygwin\jdk8u25\1677\hotspot\src\share\vm\prims\jvm.cpp, line 1312]
Event: 989.612 Thread 0x000000000dd3d000 Exception <a 'java/security/PrivilegedActionException'> (0x00000000d70341f8) thrown at [D:\re\workspace\8-2-build-windows-amd64-cygwin\jdk8u25\1677\hotspot\src\share\vm\prims\jvm.cpp, line 1312]
Event: 989.612 Thread 0x000000000dd3d000 Exception <a 'java/security/PrivilegedActionException'> (0x00000000d7035740) thrown at [D:\re\workspace\8-2-build-windows-amd64-cygwin\jdk8u25\1677\hotspot\src\share\vm\prims\jvm.cpp, line 1312]

Events (10 events):
Event: 992.402 Thread 0x000000000828e800 flushing nmethod 0x000000000f435fd0
Event: 992.402 Thread 0x000000000828e800 flushing nmethod 0x000000000f447f50
Event: 992.402 Thread 0x000000000828e800 flushing nmethod 0x000000000f452b10
Event: 992.516 Thread 0x000000000828e800 flushing nmethod 0x000000000f529410
Event: 992.516 Thread 0x000000000828e800 flushing nmethod 0x000000000f542f10
Event: 992.516 Thread 0x000000000828e800 flushing nmethod 0x000000000f558150
Event: 992.517 Thread 0x000000000828e800 flushing nmethod 0x000000000f56ea50
Event: 992.517 Thread 0x000000000828e800 flushing nmethod 0x000000000f5701d0
Event: 992.938 Thread 0x000000000828e800 flushing nmethod 0x000000000f621610
Event: 992.938 Thread 0x000000000828e800 flushing nmethod 0x000000000f635a90


Dynamic libraries:
0x000000013f3a0000 - 0x000000013f3d4000 	C:\Program Files\Java\jdk1.8.0_25\bin\java.exe
0x0000000077bb0000 - 0x0000000077d4f000 	C:\Windows\SYSTEM32\ntdll.dll
0x0000000077a90000 - 0x0000000077baf000 	C:\Windows\system32\kernel32.dll
0x000007fefda10000 - 0x000007fefda7a000 	C:\Windows\system32\KERNELBASE.dll
0x000007feffd00000 - 0x000007feffddb000 	C:\Windows\system32\ADVAPI32.dll
0x000007feffde0000 - 0x000007feffe7f000 	C:\Windows\system32\msvcrt.dll
0x000007feffe80000 - 0x000007feffe9f000 	C:\Windows\SYSTEM32\sechost.dll
0x000007feff000000 - 0x000007feff12d000 	C:\Windows\system32\RPCRT4.dll
0x0000000077990000 - 0x0000000077a8a000 	C:\Windows\system32\USER32.dll
0x000007fefddd0000 - 0x000007fefde37000 	C:\Windows\system32\GDI32.dll
0x000007feff800000 - 0x000007feff80e000 	C:\Windows\system32\LPK.dll
0x000007feff6c0000 - 0x000007feff78b000 	C:\Windows\system32\USP10.dll
0x000007fefc0a0000 - 0x000007fefc294000 	C:\Windows\WinSxS\amd64_microsoft.windows.common-controls_6595b64144ccf1df_6.0.7601.18837_none_fa3b1e3d17594757\COMCTL32.dll
0x000007feffbe0000 - 0x000007feffc51000 	C:\Windows\system32\SHLWAPI.dll
0x000007fefde40000 - 0x000007fefde6e000 	C:\Windows\system32\IMM32.DLL
0x000007feffad0000 - 0x000007feffbd9000 	C:\Windows\system32\MSCTF.dll
0x000007fefd730000 - 0x000007fefd7e2000 	C:\Windows\system32\Scdetour.dll
0x000000000f000000 - 0x000000000f006000 	C:\Windows\system32\detoured.dll
0x0000000077d60000 - 0x0000000077d67000 	C:\Windows\system32\PSAPI.DLL
0x000000005d3f0000 - 0x000000005d4c2000 	C:\Program Files\Java\jdk1.8.0_25\jre\bin\msvcr100.dll
0x00000000564f0000 - 0x0000000056d4a000 	C:\Program Files\Java\jdk1.8.0_25\jre\bin\server\jvm.dll
0x000007fef9aa0000 - 0x000007fef9aa9000 	C:\Windows\system32\WSOCK32.dll
0x000007fefde70000 - 0x000007fefdebd000 	C:\Windows\system32\WS2_32.dll
0x000007feff790000 - 0x000007feff798000 	C:\Windows\system32\NSI.dll
0x000007fef8bd0000 - 0x000007fef8c0b000 	C:\Windows\system32\WINMM.dll
0x000000005f770000 - 0x000000005f77f000 	C:\Program Files\Java\jdk1.8.0_25\jre\bin\verify.dll
0x000000005eea0000 - 0x000000005eec8000 	C:\Program Files\Java\jdk1.8.0_25\jre\bin\java.dll
0x000000005d130000 - 0x000000005d146000 	C:\Program Files\Java\jdk1.8.0_25\jre\bin\zip.dll
0x000007fefdec0000 - 0x000007fefec4b000 	C:\Windows\system32\SHELL32.dll
0x000007feff810000 - 0x000007feffa0d000 	C:\Windows\system32\ole32.dll
0x000007fefd890000 - 0x000007fefd89f000 	C:\Windows\system32\profapi.dll
0x000000005d110000 - 0x000000005d12a000 	C:\Program Files\Java\jdk1.8.0_25\jre\bin\net.dll
0x000007fefcf90000 - 0x000007fefcfe5000 	C:\Windows\system32\mswsock.dll
0x000007fefcf80000 - 0x000007fefcf87000 	C:\Windows\System32\wship6.dll
0x000000005d0f0000 - 0x000000005d101000 	C:\Program Files\Java\jdk1.8.0_25\jre\bin\nio.dll
0x000000005d0c0000 - 0x000000005d0e4000 	C:\Program Files\Java\jdk1.8.0_25\jre\bin\sunec.dll
0x000007fefcff0000 - 0x000007fefd008000 	C:\Windows\system32\CRYPTSP.dll
0x000007fefccb0000 - 0x000007fefccf7000 	C:\Windows\system32\rsaenh.dll
0x000007fefd9c0000 - 0x000007fefd9de000 	C:\Windows\system32\USERENV.dll
0x000007fefd660000 - 0x000007fefd66f000 	C:\Windows\system32\CRYPTBASE.dll
0x000007fefb550000 - 0x000007fefb577000 	C:\Windows\system32\IPHLPAPI.DLL
0x000007fefb510000 - 0x000007fefb51b000 	C:\Windows\system32\WINNSI.DLL
0x000007fefadc0000 - 0x000007fefadd8000 	C:\Windows\system32\dhcpcsvc.DLL
0x000007fefaba0000 - 0x000007fefabb1000 	C:\Windows\system32\dhcpcsvc6.DLL
0x000007fefc820000 - 0x000007fefc827000 	C:\Windows\System32\wshtcpip.dll
0x000007fefcdd0000 - 0x000007fefce2b000 	C:\Windows\system32\DNSAPI.dll
0x0000000070750000 - 0x0000000070776000 	C:\Program Files\Bonjour\mdnsNSP.dll
0x000007feeadc0000 - 0x000007feeadc8000 	C:\Windows\system32\rasadhlp.dll
0x000007fefae30000 - 0x000007fefae83000 	C:\Windows\System32\fwpuclnt.dll
0x000007fefb750000 - 0x000007fefb765000 	C:\Windows\system32\NLAapi.dll
0x000007feeb990000 - 0x000007feeb9a5000 	C:\Windows\system32\napinsp.dll
0x000007feeb970000 - 0x000007feeb989000 	C:\Windows\system32\pnrpnsp.dll
0x000007feeb960000 - 0x000007feeb96b000 	C:\Windows\System32\winrnr.dll
0x000007feeb950000 - 0x000007feeb960000 	C:\Windows\system32\wshbth.dll
0x000000005f030000 - 0x000000005f03d000 	C:\Program Files\Java\jdk1.8.0_25\jre\bin\management.dll
0x000007fefd600000 - 0x000007fefd657000 	C:\Windows\system32\apphelp.dll
0x000007fef04b0000 - 0x000007fef05d5000 	C:\Windows\system32\dbghelp.dll

VM Arguments:
jvm_args: -Dclassworlds.conf=D:\Stuff\Softwares\apache-maven-3.2.5\bin\..\bin\m2.conf -Dmaven.home=D:\Stuff\Softwares\apache-maven-3.2.5\bin\.. 
java_command: org.codehaus.plexus.classworlds.launcher.Launcher clean install
java_class_path (initial): D:\Stuff\Softwares\apache-maven-3.2.5\bin\..\boot\plexus-classworlds-2.5.2.jar
Launcher Type: SUN_STANDARD

Environment Variables:
JAVA_HOME=C:\Program Files\Java\jdk1.8.0_25
PATH=C:\ProgramData\Oracle\Java\javapath;C:\Windows\system32;C:\Windows;C:\Windows\System32\Wbem;C:\Windows\System32\WindowsPowerShell\v1.0\;C:\Program Files\Intel\WiFi\bin\;C:\Program Files\Common Files\Intel\WirelessCommon\;C:\Program Files\Java\jdk1.8.0_25\bin;D:\Stuff\Softwares\apache-maven-3.2.5\bin;%GROOVY_HOME\bin%;D:\Stuff\Softwares\groovy-2.4.0\src\bin;C:\Program Files\MySQL\MySQL Server 5.5\bin;D:\Stuff\Softwares\spring-roo-1.2.5.RELEASE\bin;D:\Stuff\Softwares\gradle-2.4\bin;C:\Program Files\TortoiseSVN\bin;C:\Program Files\PuTTY\;C:\Program Files\nodejs\;C:\Users\Admin\AppData\Roaming\npm
USERNAME=Admin
OS=Windows_NT
PROCESSOR_IDENTIFIER=Intel64 Family 6 Model 37 Stepping 5, GenuineIntel



---------------  S Y S T E M  ---------------

OS: Windows 7 , 64 bit Build 7601 Service Pack 1

CPU:total 4 (2 cores per cpu, 2 threads per core) family 6 model 37 stepping 5, cmov, cx8, fxsr, mmx, sse, sse2, sse3, ssse3, sse4.1, sse4.2, popcnt, ht, tsc, tscinvbit

Memory: 4k page, physical 8247996k(1088272k free), swap 8246120k(17656k free)

vm_info: Java HotSpot(TM) 64-Bit Server VM (25.25-b02) for windows-amd64 JRE (1.8.0_25-b18), built on Oct  7 2014 14:25:37 by "java_re" with MS VC++ 10.0 (VS2010)

time: Mon Mar 12 01:16:30 2018
elapsed time: 993 seconds (0d 0h 16m 33s)

