#
# There is insufficient memory for the Java Runtime Environment to continue.
# Native memory allocation (malloc) failed to allocate 32784 bytes for Chunk::new
# Possible reasons:
#   The system is out of physical RAM or swap space
#   In 32 bit mode, the process size limit was hit
# Possible solutions:
#   Reduce memory load on the system
#   Increase physical memory or swap space
#   Check if swap backing store is full
#   Use 64 bit Java on a 64 bit OS
#   Decrease Java heap size (-Xmx/-Xms)
#   Decrease number of Java threads
#   Decrease Java thread stack sizes (-Xss)
#   Set larger code cache with -XX:ReservedCodeCacheSize=
# This output file may be truncated or incomplete.
#
#  Out of Memory Error (allocation.cpp:390), pid=9956, tid=7028
#
# JRE version: Java(TM) SE Runtime Environment (8.0_25-b18) (build 1.8.0_25-b18)
# Java VM: Java HotSpot(TM) 64-Bit Server VM (25.25-b02 mixed mode windows-amd64 compressed oops)
# Failed to write core dump. Minidumps are not enabled by default on client versions of Windows
#

---------------  T H R E A D  ---------------

Current thread (0x00000000083c9000):  JavaThread "C2 CompilerThread0" daemon [_thread_in_native, id=7028, stack(0x0000000009ac0000,0x0000000009bc0000)]

Stack: [0x0000000009ac0000,0x0000000009bc0000]
Native frames: (J=compiled Java code, j=interpreted, Vv=VM code, C=native code)
V  [jvm.dll+0x31667a]


Current CompileTask:
C2:   7486  508       4       sun.net.www.ParseUtil::encodePath (336 bytes)


---------------  P R O C E S S  ---------------

Java Threads: ( => current thread )
  0x0000000009d31800 JavaThread "ping-30s" daemon [_thread_blocked, id=3828, stack(0x000000000a810000,0x000000000a910000)]
  0x0000000009cc8800 JavaThread "surefire-forkedjvm-command-thread" daemon [_thread_in_native, id=9012, stack(0x000000000a600000,0x000000000a700000)]
  0x0000000009c13800 JavaThread "Service Thread" daemon [_thread_blocked, id=8392, stack(0x000000000a330000,0x000000000a430000)]
  0x0000000009c11000 JavaThread "C1 CompilerThread2" daemon [_thread_blocked, id=9992, stack(0x000000000a1a0000,0x000000000a2a0000)]
  0x0000000009c0f800 JavaThread "C2 CompilerThread1" daemon [_thread_blocked, id=10024, stack(0x000000000a040000,0x000000000a140000)]
=>0x00000000083c9000 JavaThread "C2 CompilerThread0" daemon [_thread_in_native, id=7028, stack(0x0000000009ac0000,0x0000000009bc0000)]
  0x00000000083c7800 JavaThread "Attach Listener" daemon [_thread_blocked, id=7396, stack(0x0000000009950000,0x0000000009a50000)]
  0x00000000083c4000 JavaThread "Signal Dispatcher" daemon [_thread_blocked, id=3556, stack(0x0000000009760000,0x0000000009860000)]
  0x000000000835e800 JavaThread "Finalizer" daemon [_thread_blocked, id=10140, stack(0x0000000009560000,0x0000000009660000)]
  0x000000000835b800 JavaThread "Reference Handler" daemon [_thread_blocked, id=10144, stack(0x0000000009360000,0x0000000009460000)]
  0x0000000001c8f000 JavaThread "main" [_thread_in_native, id=3808, stack(0x0000000002250000,0x0000000002350000)]

Other Threads:
  0x0000000008355800 VMThread [stack: 0x00000000091f0000,0x00000000092f0000] [id=7904]
  0x0000000009c16800 WatcherThread [stack: 0x000000000a4d0000,0x000000000a5d0000] [id=10020]

VM state:not at safepoint (normal execution)

VM Mutex/Monitor currently owned by a thread: None

Heap:
 PSYoungGen      total 37888K, used 15759K [0x00000000d6100000, 0x00000000d8b00000, 0x0000000100000000)
  eden space 32768K, 48% used [0x00000000d6100000,0x00000000d7063c40,0x00000000d8100000)
  from space 5120K, 0% used [0x00000000d8600000,0x00000000d8600000,0x00000000d8b00000)
  to   space 5120K, 0% used [0x00000000d8100000,0x00000000d8100000,0x00000000d8600000)
 ParOldGen       total 86016K, used 0K [0x0000000082200000, 0x0000000087600000, 0x00000000d6100000)
  object space 86016K, 0% used [0x0000000082200000,0x0000000082200000,0x0000000087600000)
 Metaspace       used 6914K, capacity 7018K, committed 7296K, reserved 1060864K
  class space    used 805K, capacity 849K, committed 896K, reserved 1048576K

Card table byte_map: [0x00000000029e0000,0x0000000002dd0000] byte_map_base: 0x00000000025cf000

Marking Bits: (ParMarkBitMap*) 0x0000000056ccd490
 Begin Bits: [0x00000000036f0000, 0x0000000005668000)
 End Bits:   [0x0000000005668000, 0x00000000075e0000)

Polling page: 0x0000000000220000

CodeCache: size=245760Kb used=2434Kb max_used=2434Kb free=243325Kb
 bounds [0x000000000f010000, 0x000000000f280000, 0x000000001e010000]
 total_blobs=803 nmethods=507 adapters=211
 compilation: enabled

Compilation events (10 events):
Event: 7.382 Thread 0x0000000009c11000 nmethod 502 0x000000000f2624d0 code [0x000000000f2626e0, 0x000000000f263678]
Event: 7.382 Thread 0x0000000009c11000  503       3       sun.util.calendar.CalendarDate::setZoneOffset (6 bytes)
Event: 7.382 Thread 0x0000000009c11000 nmethod 503 0x000000000f263c10 code [0x000000000f263d60, 0x000000000f263eb0]
Event: 7.382 Thread 0x0000000009c11000  504       3       sun.util.calendar.BaseCalendar::isLeapYear (12 bytes)
Event: 7.383 Thread 0x0000000009c11000 nmethod 504 0x000000000f263f10 code [0x000000000f2640a0, 0x000000000f264628]
Event: 7.422 Thread 0x0000000009c11000  506       3       java.util.zip.ZipEntry::setExtra0 (350 bytes)
Event: 7.435 Thread 0x0000000009c11000 nmethod 506 0x000000000f264b90 code [0x000000000f2651a0, 0x000000000f269268]
Event: 7.435 Thread 0x0000000009c11000  507       3       java.net.URLStreamHandler::toExternalForm (219 bytes)
Event: 7.435 Thread 0x00000000083c9000  508       4       sun.net.www.ParseUtil::encodePath (336 bytes)
Event: 7.441 Thread 0x0000000009c11000 nmethod 507 0x000000000f26d950 code [0x000000000f26dc80, 0x000000000f271038]

GC Heap History (0 events):
No events

Deoptimization events (1 events):
Event: 6.333 Thread 0x0000000001c8f000 Uncommon trap: reason=unloaded action=reinterpret pc=0x000000000f1fe74c method=sun.misc.URLClassPath$JarLoader.getResource(Ljava/lang/String;Z)Lsun/misc/Resource; @ 67

Internal exceptions (10 events):
Event: 7.373 Thread 0x0000000001c8f000 Exception <a 'java/security/PrivilegedActionException'> (0x00000000d6fe4748) thrown at [D:\re\workspace\8-2-build-windows-amd64-cygwin\jdk8u25\1677\hotspot\src\share\vm\prims\jvm.cpp, line 1312]
Event: 7.415 Thread 0x0000000001c8f000 Exception <a 'java/security/PrivilegedActionException'> (0x00000000d6ff2980) thrown at [D:\re\workspace\8-2-build-windows-amd64-cygwin\jdk8u25\1677\hotspot\src\share\vm\prims\jvm.cpp, line 1312]
Event: 7.416 Thread 0x0000000001c8f000 Exception <a 'java/security/PrivilegedActionException'> (0x00000000d6ff6d10) thrown at [D:\re\workspace\8-2-build-windows-amd64-cygwin\jdk8u25\1677\hotspot\src\share\vm\prims\jvm.cpp, line 1312]
Event: 7.417 Thread 0x0000000001c8f000 Exception <a 'java/security/PrivilegedActionException'> (0x00000000d6ffb258) thrown at [D:\re\workspace\8-2-build-windows-amd64-cygwin\jdk8u25\1677\hotspot\src\share\vm\prims\jvm.cpp, line 1312]
Event: 7.419 Thread 0x0000000001c8f000 Exception <a 'java/security/PrivilegedActionException'> (0x00000000d7008b28) thrown at [D:\re\workspace\8-2-build-windows-amd64-cygwin\jdk8u25\1677\hotspot\src\share\vm\prims\jvm.cpp, line 1312]
Event: 7.420 Thread 0x0000000001c8f000 Exception <a 'java/security/PrivilegedActionException'> (0x00000000d700e048) thrown at [D:\re\workspace\8-2-build-windows-amd64-cygwin\jdk8u25\1677\hotspot\src\share\vm\prims\jvm.cpp, line 1312]
Event: 7.431 Thread 0x0000000001c8f000 Exception <a 'java/security/PrivilegedActionException'> (0x00000000d7014c78) thrown at [D:\re\workspace\8-2-build-windows-amd64-cygwin\jdk8u25\1677\hotspot\src\share\vm\prims\jvm.cpp, line 1312]
Event: 7.433 Thread 0x0000000001c8f000 Exception <a 'java/security/PrivilegedActionException'> (0x00000000d7018cd0) thrown at [D:\re\workspace\8-2-build-windows-amd64-cygwin\jdk8u25\1677\hotspot\src\share\vm\prims\jvm.cpp, line 1312]
Event: 7.434 Thread 0x0000000001c8f000 Exception <a 'java/security/PrivilegedActionException'> (0x00000000d701d350) thrown at [D:\re\workspace\8-2-build-windows-amd64-cygwin\jdk8u25\1677\hotspot\src\share\vm\prims\jvm.cpp, line 1312]
Event: 7.434 Thread 0x0000000001c8f000 Exception <a 'java/security/PrivilegedActionException'> (0x00000000d7021578) thrown at [D:\re\workspace\8-2-build-windows-amd64-cygwin\jdk8u25\1677\hotspot\src\share\vm\prims\jvm.cpp, line 1312]

Events (10 events):
Event: 7.420 loading class ch/qos/logback/core/spi/ContextAwareBase
Event: 7.420 loading class ch/qos/logback/core/spi/ContextAwareBase done
Event: 7.431 loading class ch/qos/logback/core/Layout
Event: 7.431 loading class ch/qos/logback/core/Layout done
Event: 7.432 loading class ch/qos/logback/core/encoder/Encoder
Event: 7.432 loading class ch/qos/logback/core/encoder/Encoder done
Event: 7.433 loading class ch/qos/logback/core/Appender
Event: 7.433 loading class ch/qos/logback/core/Appender done
Event: 7.434 loading class ch/qos/logback/core/spi/FilterAttachable
Event: 7.434 loading class ch/qos/logback/core/spi/FilterAttachable done


Dynamic libraries:
0x000000013f0d0000 - 0x000000013f104000 	C:\Program Files\Java\jdk1.8.0_25\jre\bin\java.exe
0x0000000077bb0000 - 0x0000000077d4f000 	C:\Windows\SYSTEM32\ntdll.dll
0x0000000077a90000 - 0x0000000077baf000 	C:\Windows\system32\kernel32.dll
0x000007fefda10000 - 0x000007fefda7a000 	C:\Windows\system32\KERNELBASE.dll
0x000007feffd00000 - 0x000007feffddb000 	C:\Windows\system32\ADVAPI32.dll
0x000007feffde0000 - 0x000007feffe7f000 	C:\Windows\system32\msvcrt.dll
0x000007feffe80000 - 0x000007feffe9f000 	C:\Windows\SYSTEM32\sechost.dll
0x000007feff000000 - 0x000007feff12d000 	C:\Windows\system32\RPCRT4.dll
0x0000000077990000 - 0x0000000077a8a000 	C:\Windows\system32\USER32.dll
0x000007fefddd0000 - 0x000007fefde37000 	C:\Windows\system32\GDI32.dll
0x000007feff800000 - 0x000007feff80e000 	C:\Windows\system32\LPK.dll
0x000007feff6c0000 - 0x000007feff78b000 	C:\Windows\system32\USP10.dll
0x000007fefc0a0000 - 0x000007fefc294000 	C:\Windows\WinSxS\amd64_microsoft.windows.common-controls_6595b64144ccf1df_6.0.7601.18837_none_fa3b1e3d17594757\COMCTL32.dll
0x000007feffbe0000 - 0x000007feffc51000 	C:\Windows\system32\SHLWAPI.dll
0x000007fefde40000 - 0x000007fefde6e000 	C:\Windows\system32\IMM32.DLL
0x000007feffad0000 - 0x000007feffbd9000 	C:\Windows\system32\MSCTF.dll
0x000007fefd730000 - 0x000007fefd7e2000 	C:\Windows\system32\Scdetour.dll
0x000000000f000000 - 0x000000000f006000 	C:\Windows\system32\detoured.dll
0x0000000077d60000 - 0x0000000077d67000 	C:\Windows\system32\PSAPI.DLL
0x000000005d3f0000 - 0x000000005d4c2000 	C:\Program Files\Java\jdk1.8.0_25\jre\bin\msvcr100.dll
0x00000000564f0000 - 0x0000000056d4a000 	C:\Program Files\Java\jdk1.8.0_25\jre\bin\server\jvm.dll
0x000007fef9aa0000 - 0x000007fef9aa9000 	C:\Windows\system32\WSOCK32.dll
0x000007fefde70000 - 0x000007fefdebd000 	C:\Windows\system32\WS2_32.dll
0x000007feff790000 - 0x000007feff798000 	C:\Windows\system32\NSI.dll
0x000007fef8bd0000 - 0x000007fef8c0b000 	C:\Windows\system32\WINMM.dll
0x000000005f770000 - 0x000000005f77f000 	C:\Program Files\Java\jdk1.8.0_25\jre\bin\verify.dll
0x000000005eea0000 - 0x000000005eec8000 	C:\Program Files\Java\jdk1.8.0_25\jre\bin\java.dll
0x000000005d130000 - 0x000000005d146000 	C:\Program Files\Java\jdk1.8.0_25\jre\bin\zip.dll
0x000007fefdec0000 - 0x000007fefec4b000 	C:\Windows\system32\SHELL32.dll
0x000007feff810000 - 0x000007feffa0d000 	C:\Windows\system32\ole32.dll
0x000007fefd890000 - 0x000007fefd89f000 	C:\Windows\system32\profapi.dll
0x000000005f030000 - 0x000000005f03d000 	C:\Program Files\Java\jdk1.8.0_25\jre\bin\management.dll

VM Arguments:
java_command: C:\Users\Admin\AppData\Local\Temp\surefire1485244890794386432\surefirebooter6498285545993273610.jar C:\Users\Admin\AppData\Local\Temp\surefire1485244890794386432 2018-03-12T01-18-09_064-jvmRun1 surefire5266551081696133505tmp surefire_07314537931019993115tmp
java_class_path (initial): C:\Users\Admin\AppData\Local\Temp\surefire1485244890794386432\surefirebooter6498285545993273610.jar
Launcher Type: SUN_STANDARD

Environment Variables:
JAVA_HOME=C:\Program Files\Java\jdk1.8.0_25
PATH=C:\ProgramData\Oracle\Java\javapath;C:\Windows\system32;C:\Windows;C:\Windows\System32\Wbem;C:\Windows\System32\WindowsPowerShell\v1.0\;C:\Program Files\Intel\WiFi\bin\;C:\Program Files\Common Files\Intel\WirelessCommon\;C:\Program Files\Java\jdk1.8.0_25\bin;D:\Stuff\Softwares\apache-maven-3.2.5\bin;%GROOVY_HOME\bin%;D:\Stuff\Softwares\groovy-2.4.0\src\bin;C:\Program Files\MySQL\MySQL Server 5.5\bin;D:\Stuff\Softwares\spring-roo-1.2.5.RELEASE\bin;D:\Stuff\Softwares\gradle-2.4\bin;C:\Program Files\TortoiseSVN\bin;C:\Program Files\PuTTY\;C:\Program Files\nodejs\;C:\Users\Admin\AppData\Roaming\npm
USERNAME=Admin
OS=Windows_NT
PROCESSOR_IDENTIFIER=Intel64 Family 6 Model 37 Stepping 5, GenuineIntel



---------------  S Y S T E M  ---------------

OS: Windows 7 , 64 bit Build 7601 Service Pack 1

CPU:total 4 (2 cores per cpu, 2 threads per core) family 6 model 37 stepping 5, cmov, cx8, fxsr, mmx, sse, sse2, sse3, ssse3, sse4.1, sse4.2, popcnt, ht, tsc, tscinvbit

Memory: 4k page, physical 8247996k(1100764k free), swap 8246120k(4700k free)

vm_info: Java HotSpot(TM) 64-Bit Server VM (25.25-b02) for windows-amd64 JRE (1.8.0_25-b18), built on Oct  7 2014 14:25:37 by "java_re" with MS VC++ 10.0 (VS2010)

time: Mon Mar 12 01:18:22 2018
elapsed time: 7 seconds (0d 0h 0m 7s)

